0 info it worked if it ends with ok
1 verbose cli [ '/usr/local/bin/node',
1 verbose cli   '/usr/local/bin/npm',
1 verbose cli   'update',
1 verbose cli   '-g',
1 verbose cli   'bower' ]
2 info using npm@2.15.9
3 info using node@v4.5.0
4 silly mapToRegistry name bower
5 silly mapToRegistry using default registry
6 silly mapToRegistry registry https://registry.npmjs.org/
7 silly mapToRegistry data Result {
7 silly mapToRegistry   raw: 'bower',
7 silly mapToRegistry   scope: null,
7 silly mapToRegistry   name: 'bower',
7 silly mapToRegistry   rawSpec: '',
7 silly mapToRegistry   spec: 'latest',
7 silly mapToRegistry   type: 'tag' }
8 silly mapToRegistry uri https://registry.npmjs.org/bower
9 verbose request uri https://registry.npmjs.org/bower
10 verbose request no auth needed
11 info attempt registry request try #1 at 9:21:44 AM
12 verbose request id fbc1813233883d02
13 verbose etag "4YYWWHW5I1ZJY75DHP06EVLSL"
14 http request GET https://registry.npmjs.org/bower
15 http 304 https://registry.npmjs.org/bower
16 verbose headers { date: 'Thu, 08 Sep 2016 13:21:44 GMT',
16 verbose headers   via: '1.1 varnish',
16 verbose headers   'cache-control': 'max-age=300',
16 verbose headers   etag: '"4YYWWHW5I1ZJY75DHP06EVLSL"',
16 verbose headers   age: '243',
16 verbose headers   connection: 'keep-alive',
16 verbose headers   'x-served-by': 'cache-ord1723-ORD',
16 verbose headers   'x-cache': 'HIT',
16 verbose headers   'x-cache-hits': '1',
16 verbose headers   'x-timer': 'S1473340904.109583,VS0,VE0',
16 verbose headers   vary: 'Accept-Encoding' }
17 silly get cb [ 304,
17 silly get   { date: 'Thu, 08 Sep 2016 13:21:44 GMT',
17 silly get     via: '1.1 varnish',
17 silly get     'cache-control': 'max-age=300',
17 silly get     etag: '"4YYWWHW5I1ZJY75DHP06EVLSL"',
17 silly get     age: '243',
17 silly get     connection: 'keep-alive',
17 silly get     'x-served-by': 'cache-ord1723-ORD',
17 silly get     'x-cache': 'HIT',
17 silly get     'x-cache-hits': '1',
17 silly get     'x-timer': 'S1473340904.109583,VS0,VE0',
17 silly get     vary: 'Accept-Encoding' } ]
18 verbose etag https://registry.npmjs.org/bower from cache
19 verbose get saving bower to /Users/thrclark/.npm/registry.npmjs.org/bower/.cache.json
20 verbose correctMkdir /Users/thrclark/.npm correctMkdir not in flight; initializing
21 info outdated updating [ [ '/usr/local/lib', 'bower', '1.3.12', '1.7.9', '1.7.9', 'latest' ] ]
22 verbose install where, what [ '/usr/local/lib', [ 'bower@1.7.9' ] ]
23 verbose install initial load of /usr/local/lib/package.json
24 verbose readDependencies loading dependencies from /usr/local/lib/package.json
25 silly cache add args [ 'bower@1.7.9', null ]
26 verbose cache add spec bower@1.7.9
27 silly cache add parsed spec Result {
27 silly cache add   raw: 'bower@1.7.9',
27 silly cache add   scope: null,
27 silly cache add   name: 'bower',
27 silly cache add   rawSpec: '1.7.9',
27 silly cache add   spec: '1.7.9',
27 silly cache add   type: 'version' }
28 silly addNamed bower@1.7.9
29 verbose addNamed "1.7.9" is a plain semver version for bower
30 silly mapToRegistry name bower
31 silly mapToRegistry using default registry
32 silly mapToRegistry registry https://registry.npmjs.org/
33 silly mapToRegistry data Result {
33 silly mapToRegistry   raw: 'bower',
33 silly mapToRegistry   scope: null,
33 silly mapToRegistry   name: 'bower',
33 silly mapToRegistry   rawSpec: '',
33 silly mapToRegistry   spec: 'latest',
33 silly mapToRegistry   type: 'tag' }
34 silly mapToRegistry uri https://registry.npmjs.org/bower
35 verbose addNameVersion registry:https://registry.npmjs.org/bower not in flight; fetching
36 verbose get https://registry.npmjs.org/bower not expired, no request
37 silly cache afterAdd bower@1.7.9
38 verbose afterAdd /Users/thrclark/.npm/bower/1.7.9/package/package.json not in flight; writing
39 verbose correctMkdir /Users/thrclark/.npm correctMkdir not in flight; initializing
40 verbose afterAdd /Users/thrclark/.npm/bower/1.7.9/package/package.json written
41 silly install resolved [ { name: 'bower',
41 silly install resolved     version: '1.7.9',
41 silly install resolved     description: 'The browser package manager',
41 silly install resolved     author: { name: 'Twitter' },
41 silly install resolved     license: 'MIT',
41 silly install resolved     repository: { type: 'git', url: 'git+https://github.com/bower/bower.git' },
41 silly install resolved     main: 'lib',
41 silly install resolved     bin: { bower: 'bin/bower' },
41 silly install resolved     homepage: 'http://bower.io',
41 silly install resolved     engines: { node: '>=0.10.0' },
41 silly install resolved     keywords: [ 'bower' ],
41 silly install resolved     files: [ 'bin', 'lib' ],
41 silly install resolved     bugs: { url: 'https://github.com/bower/bower/issues' },
41 silly install resolved     _id: 'bower@1.7.9',
41 silly install resolved     scripts: {},
41 silly install resolved     _shasum: 'b7296c2393e0d75edaa6ca39648132dd255812b0',
41 silly install resolved     _from: 'bower@1.7.9',
41 silly install resolved     _npmVersion: '3.7.3',
41 silly install resolved     _nodeVersion: '5.9.0',
41 silly install resolved     _npmUser: { name: 'sheerun', email: 'sheerun@sher.pl' },
41 silly install resolved     dist:
41 silly install resolved      { shasum: 'b7296c2393e0d75edaa6ca39648132dd255812b0',
41 silly install resolved        tarball: 'https://registry.npmjs.org/bower/-/bower-1.7.9.tgz' },
41 silly install resolved     maintainers:
41 silly install resolved      [ [Object],
41 silly install resolved        [Object],
41 silly install resolved        [Object],
41 silly install resolved        [Object],
41 silly install resolved        [Object],
41 silly install resolved        [Object],
41 silly install resolved        [Object] ],
41 silly install resolved     _npmOperationalInternal:
41 silly install resolved      { host: 'packages-12-west.internal.npmjs.com',
41 silly install resolved        tmp: 'tmp/bower-1.7.9.tgz_1459857239351_0.9720134933013469' },
41 silly install resolved     directories: {},
41 silly install resolved     _resolved: 'https://registry.npmjs.org/bower/-/bower-1.7.9.tgz',
41 silly install resolved     readme: 'ERROR: No README data found!' } ]
42 info install bower@1.7.9 into /usr/local/lib
43 info installOne bower@1.7.9
44 verbose installOne of bower to /usr/local/lib not in flight; installing
45 verbose correctMkdir /Users/thrclark/.npm/_locks correctMkdir not in flight; initializing
46 verbose lock using /Users/thrclark/.npm/_locks/bower-e8debc5417026b57.lock for /usr/local/lib/node_modules/bower
47 silly install write writing bower 1.7.9 to /usr/local/lib/node_modules/bower
48 verbose unbuild lib/node_modules/bower
49 info preuninstall bower@1.3.12
50 info uninstall bower@1.3.12
51 verbose unbuild rmStuff bower@1.3.12 from /usr/local/lib/node_modules
52 silly gentlyRm /usr/local/bin/bower is being gently removed
53 silly gentlyRm verifying /usr/local is an npm working directory
54 silly gentlyRm containing path /usr/local is under npm's control, in /usr/local
55 silly gentlyRm deletion target /usr/local/bin/bower is under /usr/local
56 verbose gentlyRm vacuuming from /usr/local/bin/bower up to /usr/local
57 silly vacuum-fs removing /usr/local/bin/bower
58 verbose unlock done using /Users/thrclark/.npm/_locks/bower-e8debc5417026b57.lock for /usr/local/lib/node_modules/bower
59 verbose stack Error: EACCES: permission denied, unlink '/usr/local/bin/bower'
59 verbose stack     at Error (native)
60 verbose cwd /Users/thrclark/work projects/ESI/Verify/iuverify-prototypes
61 error Darwin 14.5.0
62 error argv "/usr/local/bin/node" "/usr/local/bin/npm" "update" "-g" "bower"
63 error node v4.5.0
64 error npm  v2.15.9
65 error path /usr/local/bin/bower
66 error code EACCES
67 error errno -13
68 error syscall unlink
69 error Error: EACCES: permission denied, unlink '/usr/local/bin/bower'
69 error     at Error (native)
69 error  { [Error: EACCES: permission denied, unlink '/usr/local/bin/bower']
69 error   errno: -13,
69 error   code: 'EACCES',
69 error   syscall: 'unlink',
69 error   path: '/usr/local/bin/bower' }
70 error Please try running this command again as root/Administrator.
71 verbose exit [ -13, true ]
72 verbose unbuild lib/node_modules/bower
73 info preuninstall bower@1.3.12
74 info uninstall bower@1.3.12
75 verbose unbuild rmStuff bower@1.3.12 from /usr/local/lib/node_modules
76 silly gentlyRm /usr/local/bin/bower is being gently removed
77 silly gentlyRm verifying /usr/local is an npm working directory
78 silly gentlyRm containing path /usr/local is under npm's control, in /usr/local
79 silly gentlyRm deletion target /usr/local/bin/bower is under /usr/local
80 verbose gentlyRm vacuuming from /usr/local/bin/bower up to /usr/local
81 silly vacuum-fs removing /usr/local/bin/bower
82 error error rolling back Error: EACCES: permission denied, unlink '/usr/local/bin/bower'
82 error error rolling back     at Error (native)
82 error error rolling back  { [Error: EACCES: permission denied, unlink '/usr/local/bin/bower']
82 error error rolling back   errno: -13,
82 error error rolling back   code: 'EACCES',
82 error error rolling back   syscall: 'unlink',
82 error error rolling back   path: '/usr/local/bin/bower' }
